Using pre-set license
Built from '2020.3/staging' branch; Version is '2020.3.0f1 (c7b5465681fb) revision 13088070'; Using compiler version '192528614'; Build Type 'Release'
OS: 'Windows 10 Home; OS build 19043.1165; Version 2009; 64bit' Language: 'ru' Physical Memory: 16228 MB
BatchMode: 1, IsHumanControllingUs: 0, StartBugReporterOnCrash: 0, Is64bit: 1, IsPro: 0

 COMMAND LINE ARGUMENTS:
C:\Program Files\Unity\Hub\Editor\2020.3.0f1\Editor\Unity.exe
-adb2
-batchMode
-noUpm
-name
AssetImportWorker0
-projectPath
C:/Users/sns13/Downloads/SwampAttackProject/TowerDefence
-logFile
Logs/AssetImportWorker0.log
-srvPort
49201
Successfully changed project path to: C:/Users/sns13/Downloads/SwampAttackProject/TowerDefence
C:/Users/sns13/Downloads/SwampAttackProject/TowerDefence
Using Asset Import Pipeline V2.
Refreshing native plugins compatible for Editor in 20.22 ms, found 0 plugins.
Preloading 0 native plugins for Editor in 0.00 ms.
Initialize engine version: 2020.3.0f1 (c7b5465681fb)
[Subsystems] Discovering subsystems at path C:/Program Files/Unity/Hub/Editor/2020.3.0f1/Editor/Data/Resources/UnitySubsystems
[Subsystems] Discovering subsystems at path C:/Users/sns13/Downloads/SwampAttackProject/TowerDefence/Assets
GfxDevice: creating device client; threaded=0
Direct3D:
    Version:  Direct3D 11.0 [level 11.1]
    Renderer: NVIDIA GeForce GTX 1050 Ti (ID=0x1c8f)
    Vendor:   
    VRAM:     4021 MB
    Driver:   30.0.14.7168
Initialize mono
Mono path[0] = 'C:/Program Files/Unity/Hub/Editor/2020.3.0f1/Editor/Data/Managed'
Mono path[1] = 'C:/Program Files/Unity/Hub/Editor/2020.3.0f1/Editor/Data/MonoBleedingEdge/lib/mono/unityjit'
Mono config path = 'C:/Program Files/Unity/Hub/Editor/2020.3.0f1/Editor/Data/MonoBleedingEdge/etc'
Using monoOptions --debugger-agent=transport=dt_socket,embedding=1,server=y,suspend=n,address=127.0.0.1:56300
Begin MonoManager ReloadAssembly
Registering precompiled unity dll's ...
Register platform support module: C:/Program Files/Unity/Hub/Editor/2020.3.0f1/Editor/Data/PlaybackEngines/WindowsStandaloneSupport/UnityEditor.WindowsStandalone.Extensions.dll
Registered in 0.001697 seconds.
Native extension for WindowsStandalone target not found
Refreshing native plugins compatible for Editor in 19.70 ms, found 0 plugins.
Preloading 0 native plugins for Editor in 0.00 ms.
Invoked RoslynAnalysisRunner static constructor.
RoslynAnalysisRunner will not be running.
RoslynAnalysisRunner has terminated.
Mono: successfully reloaded assembly
- Completed reload, in  0.995 seconds
Platform modules already initialized, skipping
Registering precompiled user dll's ...
Registered in 0.000550 seconds.
Begin MonoManager ReloadAssembly
Native extension for WindowsStandalone target not found
Refreshing native plugins compatible for Editor in 0.19 ms, found 0 plugins.
Preloading 0 native plugins for Editor in 0.00 ms.
Invoked RoslynAnalysisRunner static constructor.
RoslynAnalysisRunner will not be running.
RoslynAnalysisRunner has terminated.
Mono: successfully reloaded assembly
- Completed reload, in  0.773 seconds
Platform modules already initialized, skipping
========================================================================
Worker process is ready to serve import requests
Launched and connected shader compiler UnityShaderCompiler.exe after 0.04 seconds
Refreshing native plugins compatible for Editor in 0.18 ms, found 0 plugins.
Preloading 0 native plugins for Editor in 0.00 ms.
Unloading 1118 Unused Serialized files (Serialized files now loaded: 0)
System memory in use before: 57.2 MB.
System memory in use after: 57.2 MB.

Unloading 10 unused Assets to reduce memory usage. Loaded Objects now: 1560.
Total: 1.782300 ms (FindLiveObjects: 0.140000 ms CreateObjectMapping: 0.040800 ms MarkObjects: 1.532800 ms  DeleteObjects: 0.067700 ms)

========================================================================
Received Import Request.
  path: Assets/Prefabs/Empty.prefab
  artifactKey: Guid(f4f4118b31bb7254f95b0a8db1402539) Importer(815301076,1909f56bfc062723c751e8b465ee728b)
Start importing Assets/Prefabs/Empty.prefab using Guid(f4f4118b31bb7254f95b0a8db1402539) Importer(815301076,1909f56bfc062723c751e8b465ee728b)  -> (artifact id: '7ba03fc7188fc3dbab15c41943c4e74f') in 0.036228 seconds
  Import took 0.038158 seconds .

========================================================================
Received Import Request.
  Time since last request: 0.000310 seconds.
  path: Assets/Prefabs/Wall.prefab
  artifactKey: Guid(2d195e8b542820d4c9be5596788a35f8) Importer(815301076,1909f56bfc062723c751e8b465ee728b)
Start importing Assets/Prefabs/Wall.prefab using Guid(2d195e8b542820d4c9be5596788a35f8) Importer(815301076,1909f56bfc062723c751e8b465ee728b)  -> (artifact id: '802dba168e9fd5fdd4415391c5929a6a') in 0.056276 seconds
  Import took 0.057926 seconds .

========================================================================
Received Import Request.
  Time since last request: 0.000237 seconds.
  path: Assets/Prefabs/Destination.prefab
  artifactKey: Guid(797ed18219d2bb34fac01819b2458a5b) Importer(815301076,1909f56bfc062723c751e8b465ee728b)
Start importing Assets/Prefabs/Destination.prefab using Guid(797ed18219d2bb34fac01819b2458a5b) Importer(815301076,1909f56bfc062723c751e8b465ee728b)  -> (artifact id: '453905536a280ba5fb3a551bbddd41f1') in 0.006742 seconds
  Import took 0.008371 seconds .

========================================================================
Received Import Request.
  Time since last request: 3721.716268 seconds.
  path: Assets/Materials/Ground.mat
  artifactKey: Guid(77240b93916fe654b81c478cfed97492) Importer(815301076,1909f56bfc062723c751e8b465ee728b)
Start importing Assets/Materials/Ground.mat using Guid(77240b93916fe654b81c478cfed97492) Importer(815301076,1909f56bfc062723c751e8b465ee728b)  -> (artifact id: 'cb31931cea88385713718f2c8e7a067c') in 0.060398 seconds
  Import took 0.063387 seconds .

========================================================================
Received Import Request.
  Time since last request: 0.000226 seconds.
  path: Assets/Materials/Wall.mat
  artifactKey: Guid(fe01ed40312ea1a4cafec952fb546b23) Importer(815301076,1909f56bfc062723c751e8b465ee728b)
Start importing Assets/Materials/Wall.mat using Guid(fe01ed40312ea1a4cafec952fb546b23) Importer(815301076,1909f56bfc062723c751e8b465ee728b)  -> (artifact id: '8f00fcb50396fcd338e0b383bdb4a71b') in 0.006140 seconds
  Import took 0.008072 seconds .

========================================================================
Received Import Request.
  Time since last request: 34.397084 seconds.
  path: Assets/Materials/Spawn.mat
  artifactKey: Guid(79427de1e59693c41b10d8cd9d1696f9) Importer(815301076,1909f56bfc062723c751e8b465ee728b)
Start importing Assets/Materials/Spawn.mat using Guid(79427de1e59693c41b10d8cd9d1696f9) Importer(815301076,1909f56bfc062723c751e8b465ee728b)  -> (artifact id: '9f273c6299c9515ed7c0910e1f187f7e') in 0.010780 seconds
  Import took 0.013364 seconds .

========================================================================
Received Import Request.
  Time since last request: 817.699140 seconds.
  path: Assets/Prefabs/Spawn.prefab
  artifactKey: Guid(24a281c339c2f0b42ad28a13b650c0aa) Importer(815301076,1909f56bfc062723c751e8b465ee728b)
Start importing Assets/Prefabs/Spawn.prefab using Guid(24a281c339c2f0b42ad28a13b650c0aa) Importer(815301076,1909f56bfc062723c751e8b465ee728b)  -> (artifact id: '559bbddb65c784b3a779708f00abe790') in 0.010422 seconds
  Import took 0.013097 seconds .

========================================================================
Received Import Request.
  Time since last request: 0.005079 seconds.
  path: Assets/Prefabs/Spawn.prefab
  artifactKey: Guid(24a281c339c2f0b42ad28a13b650c0aa) Importer(815301076,1909f56bfc062723c751e8b465ee728b)
Start importing Assets/Prefabs/Spawn.prefab using Guid(24a281c339c2f0b42ad28a13b650c0aa) Importer(815301076,1909f56bfc062723c751e8b465ee728b)  -> (artifact id: '559bbddb65c784b3a779708f00abe790') in 0.006116 seconds
  Import took 0.007849 seconds .

========================================================================
Received Import Request.
  Time since last request: 51.963108 seconds.
  path: Assets/Setup/ContentFactory.asset
  artifactKey: Guid(201d6f797e3a9374b991afffc1bad5a2) Importer(815301076,1909f56bfc062723c751e8b465ee728b)
Start importing Assets/Setup/ContentFactory.asset using Guid(201d6f797e3a9374b991afffc1bad5a2) Importer(815301076,1909f56bfc062723c751e8b465ee728b)  -> (artifact id: '5a592f2c5a64bdee7639fe69595b5c39') in 0.005803 seconds
  Import took 0.008214 seconds .

